nohup: ignoring input
WARNING:tensorflow:From /usr/local/lib/python3.6/dist-packages/tflearn/helpers/summarizer.py:9: The name tf.summary.merge is deprecated. Please use tf.compat.v1.summary.merge instead.

WARNING:tensorflow:From /usr/local/lib/python3.6/dist-packages/tflearn/helpers/trainer.py:25: The name tf.summary.FileWriter is deprecated. Please use tf.compat.v1.summary.FileWriter instead.

WARNING:tensorflow:From /usr/local/lib/python3.6/dist-packages/tflearn/collections.py:13: The name tf.GraphKeys is deprecated. Please use tf.compat.v1.GraphKeys instead.

WARNING:tensorflow:From /usr/local/lib/python3.6/dist-packages/tflearn/config.py:123: The name tf.get_collection is deprecated. Please use tf.compat.v1.get_collection instead.

WARNING:tensorflow:From /usr/local/lib/python3.6/dist-packages/tflearn/config.py:129: The name tf.add_to_collection is deprecated. Please use tf.compat.v1.add_to_collection instead.

WARNING:tensorflow:From /usr/local/lib/python3.6/dist-packages/tflearn/config.py:131: The name tf.assign is deprecated. Please use tf.compat.v1.assign instead.

Using TensorFlow backend.
WARNING:tensorflow:From /workspace/code/IMON/network/framework.py:32: The name tf.placeholder is deprecated. Please use tf.compat.v1.placeholder instead.

WARNING:tensorflow:From /workspace/code/IMON/network/transform.py:16: The name tf.random_uniform is deprecated. Please use tf.random.uniform instead.

WARNING:tensorflow:From /workspace/code/IMON/network/transform.py:94: div (from tensorflow.python.ops.math_ops) is deprecated and will be removed in a future version.
Instructions for updating:
Deprecated in favor of operator or tf.math.divide.
WARNING:tensorflow:From /workspace/code/IMON/network/transform.py:94: The name tf.mod is deprecated. Please use tf.math.mod instead.

WARNING:tensorflow:From /workspace/code/IMON/network/framework.py:64: calling reduce_all_v1 (from tensorflow.python.ops.math_ops) with keep_dims is deprecated and will be removed in a future version.
Instructions for updating:
keep_dims is deprecated, use keepdims instead
WARNING:tensorflow:From /workspace/code/IMON/network/framework.py:82: The name tf.train.AdamOptimizer is deprecated. Please use tf.compat.v1.train.AdamOptimizer instead.

WARNING:tensorflow:From /workspace/code/IMON/network/utils.py:106: The name tf.variable_scope is deprecated. Please use tf.compat.v1.variable_scope instead.

WARNING:tensorflow:From /usr/local/lib/python3.6/dist-packages/tflearn/initializations.py:119: calling UniformUnitScaling.__init__ (from tensorflow.python.ops.init_ops) with dtype is deprecated and will be removed in a future version.
Instructions for updating:
Call initializer instance with the dtype argument instead of passing it to the constructor
WARNING:tensorflow:From /usr/local/lib/python3.6/dist-packages/tensorflow_core/python/util/deprecation.py:507: UniformUnitScaling.__init__ (from tensorflow.python.ops.init_ops) is deprecated and will be removed in a future version.
Instructions for updating:
Use tf.initializers.variance_scaling instead with distribution=uniform to get equivalent behavior.
WARNING:tensorflow:From /workspace/code/IMON/network/framework.py:111: The name tf.summary.scalar is deprecated. Please use tf.compat.v1.summary.scalar instead.

WARNING:tensorflow:From /workspace/code/IMON/network/framework.py:112: The name tf.summary.merge_all is deprecated. Please use tf.compat.v1.summary.merge_all instead.

WARNING:tensorflow:From train.py:91: The name tf.ConfigProto is deprecated. Please use tf.compat.v1.ConfigProto instead.

WARNING:tensorflow:From train.py:93: The name tf.Session is deprecated. Please use tf.compat.v1.Session instead.

2019-12-01 12:40:28.749158: I tensorflow/core/platform/cpu_feature_guard.cc:142] Your CPU supports instructions that this TensorFlow binary was not compiled to use: AVX2 FMA
2019-12-01 12:40:28.771259: I tensorflow/core/platform/profile_utils/cpu_utils.cc:94] CPU Frequency: 3600000000 Hz
2019-12-01 12:40:28.771522: I tensorflow/compiler/xla/service/service.cc:168] XLA service 0x59a27a0 initialized for platform Host (this does not guarantee that XLA will be used). Devices:
2019-12-01 12:40:28.771540: I tensorflow/compiler/xla/service/service.cc:176]   StreamExecutor device (0): Host, Default Version
2019-12-01 12:40:28.773244: I tensorflow/stream_executor/platform/default/dso_loader.cc:44] Successfully opened dynamic library libcuda.so.1
2019-12-01 12:40:29.420147: I tensorflow/stream_executor/cuda/cuda_gpu_executor.cc:983] successful NUMA node read from SysFS had negative value (-1), but there must be at least one NUMA node, so returning NUMA node zero
2019-12-01 12:40:29.420968: I tensorflow/compiler/xla/service/service.cc:168] XLA service 0x5b07700 initialized for platform CUDA (this does not guarantee that XLA will be used). Devices:
2019-12-01 12:40:29.420980: I tensorflow/compiler/xla/service/service.cc:176]   StreamExecutor device (0): GeForce RTX 2080, Compute Capability 7.5
2019-12-01 12:40:29.421076: I tensorflow/stream_executor/cuda/cuda_gpu_executor.cc:983] successful NUMA node read from SysFS had negative value (-1), but there must be at least one NUMA node, so returning NUMA node zero
2019-12-01 12:40:29.421800: I tensorflow/core/common_runtime/gpu/gpu_device.cc:1618] Found device 0 with properties: 
name: GeForce RTX 2080 major: 7 minor: 5 memoryClockRate(GHz): 1.71
pciBusID: 0000:03:00.0
2019-12-01 12:40:29.421931: I tensorflow/stream_executor/platform/default/dso_loader.cc:44] Successfully opened dynamic library libcudart.so.10.0
2019-12-01 12:40:29.422629: I tensorflow/stream_executor/platform/default/dso_loader.cc:44] Successfully opened dynamic library libcublas.so.10.0
2019-12-01 12:40:29.423260: I tensorflow/stream_executor/platform/default/dso_loader.cc:44] Successfully opened dynamic library libcufft.so.10.0
2019-12-01 12:40:29.423403: I tensorflow/stream_executor/platform/default/dso_loader.cc:44] Successfully opened dynamic library libcurand.so.10.0
2019-12-01 12:40:29.424224: I tensorflow/stream_executor/platform/default/dso_loader.cc:44] Successfully opened dynamic library libcusolver.so.10.0
2019-12-01 12:40:29.424842: I tensorflow/stream_executor/platform/default/dso_loader.cc:44] Successfully opened dynamic library libcusparse.so.10.0
2019-12-01 12:40:29.426769: I tensorflow/stream_executor/platform/default/dso_loader.cc:44] Successfully opened dynamic library libcudnn.so.7
2019-12-01 12:40:29.426829: I tensorflow/stream_executor/cuda/cuda_gpu_executor.cc:983] successful NUMA node read from SysFS had negative value (-1), but there must be at least one NUMA node, so returning NUMA node zero
2019-12-01 12:40:29.427602: I tensorflow/stream_executor/cuda/cuda_gpu_executor.cc:983] successful NUMA node read from SysFS had negative value (-1), but there must be at least one NUMA node, so returning NUMA node zero
2019-12-01 12:40:29.428310: I tensorflow/core/common_runtime/gpu/gpu_device.cc:1746] Adding visible gpu devices: 0
2019-12-01 12:40:29.428329: I tensorflow/stream_executor/platform/default/dso_loader.cc:44] Successfully opened dynamic library libcudart.so.10.0
2019-12-01 12:40:29.429308: I tensorflow/core/common_runtime/gpu/gpu_device.cc:1159] Device interconnect StreamExecutor with strength 1 edge matrix:
2019-12-01 12:40:29.429316: I tensorflow/core/common_runtime/gpu/gpu_device.cc:1165]      0 
2019-12-01 12:40:29.429320: I tensorflow/core/common_runtime/gpu/gpu_device.cc:1178] 0:   N 
2019-12-01 12:40:29.429419: I tensorflow/stream_executor/cuda/cuda_gpu_executor.cc:983] successful NUMA node read from SysFS had negative value (-1), but there must be at least one NUMA node, so returning NUMA node zero
2019-12-01 12:40:29.430154: I tensorflow/stream_executor/cuda/cuda_gpu_executor.cc:983] successful NUMA node read from SysFS had negative value (-1), but there must be at least one NUMA node, so returning NUMA node zero
2019-12-01 12:40:29.430878: I tensorflow/core/common_runtime/gpu/gpu_device.cc:1304] Created TensorFlow device (/job:localhost/replica:0/task:0/device:GPU:0 with 7440 MB memory) -> physical GPU (device: 0, name: GeForce RTX 2080, pci bus id: 0000:03:00.0, compute capability: 7.5)
WARNING:tensorflow:From train.py:94: The name tf.train.Saver is deprecated. Please use tf.compat.v1.train.Saver instead.

WARNING:tensorflow:From train.py:98: The name tf.global_variables_initializer is deprecated. Please use tf.compat.v1.global_variables_initializer instead.

2019-12-01 12:40:34.107223: I tensorflow/stream_executor/platform/default/dso_loader.cc:44] Successfully opened dynamic library libcublas.so.10.0
2019-12-01 12:40:34.623076: I tensorflow/stream_executor/platform/default/dso_loader.cc:44] Successfully opened dynamic library libcudnn.so.7
WARNING:tensorflow:From train.py:197: The name tf.Summary is deprecated. Please use tf.compat.v1.Summary instead.

[(<network.base_networks.VTNAffineStem object at 0x7f7583731d30>, {'raw_weight': 0, 'reg_weight': 0, 'weight': 1}), (<network.base_networks.IMON object at 0x7f7583576a58>, {'raw_weight': 1, 'weight': 1, 'reg_weight': 1})]
<tf.Variable 'frm/affine_stem/conv2/W:0' shape=(3, 3, 3, 16, 32) dtype=float32_ref> /gpu:0
<tf.Variable 'frm/affine_stem/conv5/b:0' shape=(256,) dtype=float32_ref> /gpu:0
<tf.Variable 'frm/affine_stem/conv6_1/W:0' shape=(3, 3, 3, 512, 512) dtype=float32_ref> /gpu:0
<tf.Variable 'frm/deform_stem_0/conv4/W:0' shape=(3, 3, 3, 64, 128) dtype=float32_ref> /gpu:0
<tf.Variable 'frm/affine_stem/conv3/W:0' shape=(3, 3, 3, 32, 64) dtype=float32_ref> /gpu:0
<tf.Variable 'frm/affine_stem/conv7_W/W:0' shape=(2, 2, 2, 512, 9) dtype=float32_ref> /gpu:0
<tf.Variable 'frm/deform_stem_0/conv4_1/W:0' shape=(3, 3, 3, 128, 128) dtype=float32_ref> /gpu:0
<tf.Variable 'frm/deform_stem_0/pred5/W:0' shape=(3, 3, 3, 515, 3) dtype=float32_ref> /gpu:0
<tf.Variable 'frm/deform_stem_0/pred5/b:0' shape=(3,) dtype=float32_ref> /gpu:0
<tf.Variable 'frm/deform_stem_0/deconv3/W:0' shape=(4, 4, 4, 64, 259) dtype=float32_ref> /gpu:0
<tf.Variable 'frm/deform_stem_0/pred3/W:0' shape=(3, 3, 3, 131, 3) dtype=float32_ref> /gpu:0
<tf.Variable 'frm/deform_stem_0/deconv2/W:0' shape=(4, 4, 4, 32, 131) dtype=float32_ref> /gpu:0
<tf.Variable 'frm/affine_stem/conv2/b:0' shape=(32,) dtype=float32_ref> /gpu:0
<tf.Variable 'frm/deform_stem_0/conv4/b:0' shape=(128,) dtype=float32_ref> /gpu:0
<tf.Variable 'frm/deform_stem_0/conv5/W:0' shape=(3, 3, 3, 128, 256) dtype=float32_ref> /gpu:0
<tf.Variable 'frm/affine_stem/conv3/b:0' shape=(64,) dtype=float32_ref> /gpu:0
<tf.Variable 'frm/deform_stem_0/conv4_1/b:0' shape=(128,) dtype=float32_ref> /gpu:0
<tf.Variable 'frm/deform_stem_0/upsamp6to5/W:0' shape=(4, 4, 4, 3, 3) dtype=float32_ref> /gpu:0
<tf.Variable 'frm/deform_stem_0/pred3/b:0' shape=(3,) dtype=float32_ref> /gpu:0
<tf.Variable 'frm/deform_stem_0/conv5/b:0' shape=(256,) dtype=float32_ref> /gpu:0
<tf.Variable 'frm/deform_stem_0/upsamp5to4/W:0' shape=(4, 4, 4, 3, 3) dtype=float32_ref> /gpu:0
<tf.Variable 'frm/affine_stem/conv5/W:0' shape=(3, 3, 3, 128, 256) dtype=float32_ref> /gpu:0
<tf.Variable 'frm/deform_stem_0/conv1/W:0' shape=(3, 3, 3, 2, 16) dtype=float32_ref> /gpu:0
<tf.Variable 'frm/deform_stem_0/conv2/W:0' shape=(3, 3, 3, 16, 32) dtype=float32_ref> /gpu:0
<tf.Variable 'frm/affine_stem/conv5_1/W:0' shape=(3, 3, 3, 256, 256) dtype=float32_ref> /gpu:0
<tf.Variable 'frm/deform_stem_0/conv3/W:0' shape=(3, 3, 3, 32, 64) dtype=float32_ref> /gpu:0
<tf.Variable 'frm/deform_stem_0/pred6/W:0' shape=(3, 3, 3, 512, 3) dtype=float32_ref> /gpu:0
<tf.Variable 'frm/deform_stem_0/upsamp3to2/W:0' shape=(4, 4, 4, 3, 3) dtype=float32_ref> /gpu:0
<tf.Variable 'frm/affine_stem/conv6/W:0' shape=(3, 3, 3, 256, 512) dtype=float32_ref> /gpu:0
<tf.Variable 'frm/deform_stem_0/conv1/b:0' shape=(16,) dtype=float32_ref> /gpu:0
<tf.Variable 'frm/deform_stem_0/conv2/b:0' shape=(32,) dtype=float32_ref> /gpu:0
<tf.Variable 'frm/deform_stem_0/conv3_1/W:0' shape=(3, 3, 3, 64, 64) dtype=float32_ref> /gpu:0
<tf.Variable 'frm/deform_stem_0/deconv4/W:0' shape=(4, 4, 4, 128, 515) dtype=float32_ref> /gpu:0
<tf.Variable 'frm/affine_stem/conv1/W:0' shape=(3, 3, 3, 2, 16) dtype=float32_ref> /gpu:0
<tf.Variable 'frm/affine_stem/conv5_1/b:0' shape=(256,) dtype=float32_ref> /gpu:0
<tf.Variable 'frm/deform_stem_0/conv3/b:0' shape=(64,) dtype=float32_ref> /gpu:0
<tf.Variable 'frm/deform_stem_0/pred6/b:0' shape=(3,) dtype=float32_ref> /gpu:0
<tf.Variable 'frm/deform_stem_0/pred4/W:0' shape=(3, 3, 3, 259, 3) dtype=float32_ref> /gpu:0
<tf.Variable 'frm/deform_stem_0/upsamp2to1/W:0' shape=(4, 4, 4, 3, 3) dtype=float32_ref> /gpu:0
<tf.Variable 'frm/affine_stem/conv6/b:0' shape=(512,) dtype=float32_ref> /gpu:0
<tf.Variable 'frm/affine_stem/conv7_b/W:0' shape=(2, 2, 2, 512, 3) dtype=float32_ref> /gpu:0
<tf.Variable 'frm/deform_stem_0/conv3_1/b:0' shape=(64,) dtype=float32_ref> /gpu:0
<tf.Variable 'frm/affine_stem/conv1/b:0' shape=(16,) dtype=float32_ref> /gpu:0
<tf.Variable 'frm/affine_stem/conv3_1/W:0' shape=(3, 3, 3, 64, 64) dtype=float32_ref> /gpu:0
<tf.Variable 'frm/affine_stem/conv6_1/b:0' shape=(512,) dtype=float32_ref> /gpu:0
<tf.Variable 'frm/deform_stem_0/pred4/b:0' shape=(3,) dtype=float32_ref> /gpu:0
<tf.Variable 'frm/deform_stem_0/pred2/W:0' shape=(3, 3, 3, 67, 3) dtype=float32_ref> /gpu:0
<tf.Variable 'frm/deform_stem_0/deconv1/W:0' shape=(4, 4, 4, 16, 67) dtype=float32_ref> /gpu:0
<tf.Variable 'frm/affine_stem/conv4/W:0' shape=(3, 3, 3, 64, 128) dtype=float32_ref> /gpu:0
<tf.Variable 'frm/deform_stem_0/conv5_1/W:0' shape=(3, 3, 3, 256, 256) dtype=float32_ref> /gpu:0
<tf.Variable 'frm/deform_stem_0/upsamp1to0/W:0' shape=(4, 4, 4, 3, 35) dtype=float32_ref> /gpu:0
<tf.Variable 'frm/affine_stem/conv3_1/b:0' shape=(64,) dtype=float32_ref> /gpu:0
<tf.Variable 'frm/affine_stem/conv4_1/W:0' shape=(3, 3, 3, 128, 128) dtype=float32_ref> /gpu:0
<tf.Variable 'frm/deform_stem_0/conv6/W:0' shape=(3, 3, 3, 256, 512) dtype=float32_ref> /gpu:0
<tf.Variable 'frm/deform_stem_0/pred2/b:0' shape=(3,) dtype=float32_ref> /gpu:0
<tf.Variable 'frm/affine_stem/conv4/b:0' shape=(128,) dtype=float32_ref> /gpu:0
<tf.Variable 'frm/deform_stem_0/conv5_1/b:0' shape=(256,) dtype=float32_ref> /gpu:0
<tf.Variable 'frm/deform_stem_0/conv6_1/W:0' shape=(3, 3, 3, 512, 512) dtype=float32_ref> /gpu:0
<tf.Variable 'frm/deform_stem_0/upsamp4to3/W:0' shape=(4, 4, 4, 3, 3) dtype=float32_ref> /gpu:0
<tf.Variable 'frm/affine_stem/conv4_1/b:0' shape=(128,) dtype=float32_ref> /gpu:0
<tf.Variable 'frm/deform_stem_0/conv6/b:0' shape=(512,) dtype=float32_ref> /gpu:0
<tf.Variable 'frm/deform_stem_0/deconv5/W:0' shape=(4, 4, 4, 256, 512) dtype=float32_ref> /gpu:0
<tf.Variable 'frm/deform_stem_0/conv6_1/b:0' shape=(512,) dtype=float32_ref> /gpu:0
Graph built.
data_args {}
Number of data in combine-train is 1025
Number of data in sliver-val is 19
Number of data in lits-val is 131
Number of data in lspig-val is 34
*Dec01-2040*  2019-12-01 12:41:04 Steps 10, Total time 1.94, data 0.02%. Loss 1.008e+02 lr 1.000e-04
*Dec01-2040*  2019-12-01 12:41:23 Steps 20, Total time 1.92, data 0.02%. Loss 8.561e+01 lr 1.000e-04
*Dec01-2040*  2019-12-01 12:41:43 Steps 30, Total time 1.94, data 0.02%. Loss 8.314e+01 lr 1.000e-04
*Dec01-2040*  2019-12-01 12:42:02 Steps 40, Total time 1.94, data 0.02%. Loss 5.172e+01 lr 1.000e-04
*Dec01-2040*  2019-12-01 12:42:22 Steps 50, Total time 1.94, data 0.02%. Loss 4.046e+01 lr 1.000e-04
*Dec01-2040*  2019-12-01 12:42:41 Steps 60, Total time 1.94, data 0.02%. Loss 3.651e+01 lr 1.000e-04
*Dec01-2040*  2019-12-01 12:43:01 Steps 70, Total time 1.94, data 0.02%. Loss 3.217e+01 lr 1.000e-04
*Dec01-2040*  2019-12-01 12:43:20 Steps 80, Total time 1.96, data 0.02%. Loss 2.394e+01 lr 1.000e-04
*Dec01-2040*  2019-12-01 12:43:40 Steps 90, Total time 1.98, data 0.02%. Loss 2.431e+01 lr 1.000e-04
*Dec01-2040*  2019-12-01 12:43:59 Steps 100, Total time 1.94, data 0.02%. Loss 2.423e+01 lr 1.000e-04
*Dec01-2040*  2019-12-01 12:45:49 Steps 110, Total time 1.93, data 0.02%. Loss 2.085e+01 lr 1.000e-04
*Dec01-2040*  2019-12-01 12:46:09 Steps 120, Total time 1.97, data 0.02%. Loss 1.925e+01 lr 1.000e-04
*Dec01-2040*  2019-12-01 12:46:28 Steps 130, Total time 1.95, data 0.02%. Loss 2.196e+01 lr 1.000e-04
*Dec01-2040*  2019-12-01 12:46:47 Steps 140, Total time 1.96, data 0.02%. Loss 1.761e+01 lr 1.000e-04
*Dec01-2040*  2019-12-01 12:47:07 Steps 150, Total time 1.93, data 0.02%. Loss 1.765e+01 lr 1.000e-04
*Dec01-2040*  2019-12-01 12:47:26 Steps 160, Total time 1.94, data 0.02%. Loss 1.720e+01 lr 1.000e-04
*Dec01-2040*  2019-12-01 12:47:45 Steps 170, Total time 1.95, data 0.02%. Loss 1.548e+01 lr 1.000e-04
*Dec01-2040*  2019-12-01 12:48:05 Steps 180, Total time 1.95, data 0.02%. Loss 1.627e+01 lr 1.000e-04
*Dec01-2040*  2019-12-01 12:48:24 Steps 190, Total time 1.95, data 0.02%. Loss 1.812e+01 lr 1.000e-04
*Dec01-2040*  2019-12-01 12:48:43 Steps 200, Total time 1.97, data 0.02%. Loss 1.556e+01 lr 1.000e-04
*Dec01-2040*  2019-12-01 12:50:32 Steps 210, Total time 1.97, data 0.02%. Loss 1.491e+01 lr 1.000e-04
*Dec01-2040*  2019-12-01 12:50:52 Steps 220, Total time 1.97, data 0.02%. Loss 1.426e+01 lr 1.000e-04WARNING:tensorflow:From /usr/local/lib/python3.6/dist-packages/tensorflow_core/python/training/saver.py:963: remove_checkpoint (from tensorflow.python.training.checkpoint_management) is deprecated and will be removed in a future version.
Instructions for updating:
Use standard file APIs to delete files with this prefix.
